<?xml version="1.0" encoding="UTF-8"?>
<!-- Generated by org.testng.reporters.JUnitReportReporter -->
<testsuite hostname="DESKTOP-ADH2IBF" failures="0" tests="7" name="com.beCognizant.TestSuites.TestCases" time="140.479" errors="0" timestamp="18 Apr 2023 06:53:19 GMT" skipped="0">
  <testcase classname="com.beCognizant.TestSuites.TestCases" name="login" time="53.325"/>
  <testcase classname="com.beCognizant.TestSuites.TestCases" name="confirmBecognizant" time="3.390"/>
  <testcase classname="com.beCognizant.TestSuites.TestCases" name="displayUserName" time="2.713"/>
  <testcase classname="com.beCognizant.TestSuites.TestCases" name="scrollToFeatured" time="2.217"/>
  <testcase classname="com.beCognizant.TestSuites.TestCases" name="featuredTitleCheck" time="5.111"/>
  <testcase classname="com.beCognizant.TestSuites.TestCases" name="countNews" time="0.269"/>
  <testcase classname="com.beCognizant.TestSuites.TestCases" name="newsContent" time="73.454"/>
</testsuite> <!-- com.beCognizant.TestSuites.TestCases -->
